<?xml version="1.0" encoding="UTF-8"?>
<!-- Generated by org.testng.reporters.JUnitXMLReporter -->
<testsuite ignored="0" hostname="DESKTOP-PK2BA83" failures="0" tests="3" name="Submit Order Test" time="17.528" errors="0" timestamp="2025-06-20T16:34:09 IST">
  <testcase classname="seleniumcourse.OrderSubmission" name="submitOrder" time="4.127"/>
  <testcase classname="seleniumcourse.OrderSubmission" name="submitOrder" time="3.663"/>
  <testcase classname="seleniumcourse.OrderSubmission" name="orderHistory" time="0.67"/>
</testsuite> <!-- Submit Order Test -->
