<?xml version="1.0" encoding="UTF-8"?>
<!-- Generated by org.testng.reporters.JUnitXMLReporter -->
<testsuite ignored="0" hostname="DESKTOP-PK2BA83" failures="0" tests="2" name="Error Validation Test" time="23.853" errors="0" timestamp="2025-06-26T20:28:23 IST">
  <testcase classname="seleniumcourse.ErrorValidations" name="productErrorValidation" time="2.715"/>
  <testcase classname="seleniumcourse.ErrorValidations" name="validateErrorMsg" time="1.623"/>
</testsuite> <!-- Error Validation Test -->
