<?xml version="1.0" encoding="UTF-8"?>
<!-- Generated by org.testng.reporters.JUnitXMLReporter -->
<testsuite ignored="0" hostname="DESKTOP-PK2BA83" failures="0" tests="3" name="Submit Order Test" time="22.905" errors="0" timestamp="2025-06-26T20:28:22 IST">
  <testcase classname="seleniumcourse.OrderSubmission" name="submitOrder" time="3.385"/>
  <testcase classname="seleniumcourse.OrderSubmission" name="submitOrder" time="3.72"/>
  <testcase classname="seleniumcourse.OrderSubmission" name="orderHistory" time="1.101"/>
</testsuite> <!-- Submit Order Test -->
